


----------------------------------------------------------------------------
                              POINT: DESIGN
----------------------------------------------------------------------------
                       PERFORMANCE CHARACTERISTICS
    Mach      Alt       W      Fn      Fg    Fram     OPR     TSFC      BPR 
 0.50000      0.0   1.000 10000.0 10000.0     1.0   1.000  1.00000    1.500
------------------------------------------------------------------------------------------------------------------------------------------------
                            FLOW STATIONS
------------------------------------------------------------------------------------------------------------------------------------------------
------------------------------------------------------------------------------------------------------------------------------------------------
Flow Station           |          tot:P        tot:T        tot:h        tot:S       stat:P       stat:W      stat:MN       stat:V    stat:area
------------------------------------------------------------------------------------------------------------------------------------------------
DESIGN.fc.Fl_O         |          1.000      284.000        1.000        1.000        1.000        1.000        0.500        1.000        1.000
DESIGN.core_nozz.Fl_O  |          1.000      284.000        1.000        1.000        1.000        1.000        1.000        1.000        1.000
DESIGN.byp_nozz.Fl_O   |          1.000      284.000        1.000        1.000        1.000        1.000        1.000        1.000        1.000
------------------------------------------------------------------------------------------------------------------------------------------------



----------------------------------------------------------------------------
                              POINT: DESIGN
----------------------------------------------------------------------------
                       PERFORMANCE CHARACTERISTICS
    Mach      Alt       W      Fn      Fg    Fram     OPR     TSFC      BPR 
 0.60000      0.0  16.087  1000.0  1334.9   334.9  30.547  4.59416    1.500
------------------------------------------------------------------------------------------------------------------------------------------------
                            FLOW STATIONS
------------------------------------------------------------------------------------------------------------------------------------------------
------------------------------------------------------------------------------------------------------------------------------------------------
Flow Station           |          tot:P        tot:T        tot:h        tot:S       stat:P       stat:W      stat:MN       stat:V    stat:area
------------------------------------------------------------------------------------------------------------------------------------------------
DESIGN.fc.Fl_O         |         18.745      556.017        2.781        1.631       14.696       16.087        0.600      669.914       45.216
DESIGN.core_nozz.Fl_O  |        175.296     2279.529      -27.681        2.302       98.084        7.711        1.000     2372.696        4.715
DESIGN.byp_nozz.Fl_O   |         31.586      655.651       26.749        1.635       16.686        9.652        1.000     1146.027       14.719
------------------------------------------------------------------------------------------------------------------------------------------------
